<?xml version="1.0" encoding="UTF-8"?>
<testsuite xmlns:xsi="http://www.w3.org/2001/XMLSchema-instance" xsi:noNamespaceSchemaLocation="https://maven.apache.org/surefire/maven-surefire-plugin/xsd/surefire-test-report-3.0.xsd" version="3.0" name="com.cineplex.runners.TestRunner" time="109.784" tests="10" errors="2" skipped="0" failures="0">
  <properties>
    <property name="java.specification.version" value="21"/>
    <property name="sun.cpu.isalist" value="amd64"/>
    <property name="sun.jnu.encoding" value="Cp1252"/>
    <property name="java.class.path" value="F:\Trial\selenium_project\target\test-classes;F:\Trial\selenium_project\target\classes;C:\Users\abhiy\.m2\repository\org\seleniumhq\selenium\selenium-java\4.35.0\selenium-java-4.35.0.jar;C:\Users\abhiy\.m2\repository\org\seleniumhq\selenium\selenium-api\4.35.0\selenium-api-4.35.0.jar;C:\Users\abhiy\.m2\repository\org\jspecify\jspecify\1.0.0\jspecify-1.0.0.jar;C:\Users\abhiy\.m2\repository\org\seleniumhq\selenium\selenium-chrome-driver\4.35.0\selenium-chrome-driver-4.35.0.jar;C:\Users\abhiy\.m2\repository\com\google\auto\service\auto-service-annotations\1.1.1\auto-service-annotations-1.1.1.jar;C:\Users\abhiy\.m2\repository\org\seleniumhq\selenium\selenium-chromium-driver\4.35.0\selenium-chromium-driver-4.35.0.jar;C:\Users\abhiy\.m2\repository\org\seleniumhq\selenium\selenium-json\4.35.0\selenium-json-4.35.0.jar;C:\Users\abhiy\.m2\repository\org\seleniumhq\selenium\selenium-manager\4.35.0\selenium-manager-4.35.0.jar;C:\Users\abhiy\.m2\repository\org\seleniumhq\selenium\selenium-devtools-v137\4.35.0\selenium-devtools-v137-4.35.0.jar;C:\Users\abhiy\.m2\repository\org\seleniumhq\selenium\selenium-devtools-v138\4.35.0\selenium-devtools-v138-4.35.0.jar;C:\Users\abhiy\.m2\repository\org\seleniumhq\selenium\selenium-devtools-v139\4.35.0\selenium-devtools-v139-4.35.0.jar;C:\Users\abhiy\.m2\repository\org\seleniumhq\selenium\selenium-edge-driver\4.35.0\selenium-edge-driver-4.35.0.jar;C:\Users\abhiy\.m2\repository\org\seleniumhq\selenium\selenium-firefox-driver\4.35.0\selenium-firefox-driver-4.35.0.jar;C:\Users\abhiy\.m2\repository\org\seleniumhq\selenium\selenium-http\4.35.0\selenium-http-4.35.0.jar;C:\Users\abhiy\.m2\repository\org\seleniumhq\selenium\selenium-ie-driver\4.35.0\selenium-ie-driver-4.35.0.jar;C:\Users\abhiy\.m2\repository\org\seleniumhq\selenium\selenium-remote-driver\4.35.0\selenium-remote-driver-4.35.0.jar;C:\Users\abhiy\.m2\repository\com\google\guava\guava\33.4.8-jre\guava-33.4.8-jre.jar;C:\Users\abhiy\.m2\repository\com\google\guava\failureaccess\1.0.3\failureaccess-1.0.3.jar;C:\Users\abhiy\.m2\repository\com\google\guava\listenablefuture\9999.0-empty-to-avoid-conflict-with-guava\listenablefuture-9999.0-empty-to-avoid-conflict-with-guava.jar;C:\Users\abhiy\.m2\repository\com\google\errorprone\error_prone_annotations\2.36.0\error_prone_annotations-2.36.0.jar;C:\Users\abhiy\.m2\repository\com\google\j2objc\j2objc-annotations\3.0.0\j2objc-annotations-3.0.0.jar;C:\Users\abhiy\.m2\repository\io\opentelemetry\opentelemetry-api\1.53.0\opentelemetry-api-1.53.0.jar;C:\Users\abhiy\.m2\repository\io\opentelemetry\opentelemetry-context\1.53.0\opentelemetry-context-1.53.0.jar;C:\Users\abhiy\.m2\repository\io\opentelemetry\opentelemetry-common\1.53.0\opentelemetry-common-1.53.0.jar;C:\Users\abhiy\.m2\repository\io\opentelemetry\opentelemetry-exporter-logging\1.53.0\opentelemetry-exporter-logging-1.53.0.jar;C:\Users\abhiy\.m2\repository\io\opentelemetry\opentelemetry-sdk-common\1.53.0\opentelemetry-sdk-common-1.53.0.jar;C:\Users\abhiy\.m2\repository\io\opentelemetry\opentelemetry-sdk-extension-autoconfigure-spi\1.53.0\opentelemetry-sdk-extension-autoconfigure-spi-1.53.0.jar;C:\Users\abhiy\.m2\repository\io\opentelemetry\opentelemetry-sdk-extension-autoconfigure\1.53.0\opentelemetry-sdk-extension-autoconfigure-1.53.0.jar;C:\Users\abhiy\.m2\repository\io\opentelemetry\opentelemetry-sdk-trace\1.53.0\opentelemetry-sdk-trace-1.53.0.jar;C:\Users\abhiy\.m2\repository\io\opentelemetry\opentelemetry-sdk\1.53.0\opentelemetry-sdk-1.53.0.jar;C:\Users\abhiy\.m2\repository\io\opentelemetry\opentelemetry-sdk-metrics\1.53.0\opentelemetry-sdk-metrics-1.53.0.jar;C:\Users\abhiy\.m2\repository\io\opentelemetry\opentelemetry-sdk-logs\1.53.0\opentelemetry-sdk-logs-1.53.0.jar;C:\Users\abhiy\.m2\repository\net\bytebuddy\byte-buddy\1.17.6\byte-buddy-1.17.6.jar;C:\Users\abhiy\.m2\repository\org\seleniumhq\selenium\selenium-os\4.35.0\selenium-os-4.35.0.jar;C:\Users\abhiy\.m2\repository\org\apache\commons\commons-exec\1.5.0\commons-exec-1.5.0.jar;C:\Users\abhiy\.m2\repository\org\seleniumhq\selenium\selenium-safari-driver\4.35.0\selenium-safari-driver-4.35.0.jar;C:\Users\abhiy\.m2\repository\org\seleniumhq\selenium\selenium-support\4.35.0\selenium-support-4.35.0.jar;C:\Users\abhiy\.m2\repository\io\cucumber\cucumber-java\7.27.2\cucumber-java-7.27.2.jar;C:\Users\abhiy\.m2\repository\io\cucumber\cucumber-core\7.27.2\cucumber-core-7.27.2.jar;C:\Users\abhiy\.m2\repository\io\cucumber\cucumber-gherkin\7.27.2\cucumber-gherkin-7.27.2.jar;C:\Users\abhiy\.m2\repository\io\cucumber\cucumber-gherkin-messages\7.27.2\cucumber-gherkin-messages-7.27.2.jar;C:\Users\abhiy\.m2\repository\io\cucumber\gherkin\34.0.0\gherkin-34.0.0.jar;C:\Users\abhiy\.m2\repository\org\assertj\assertj-core\3.27.4\assertj-core-3.27.4.jar;C:\Users\abhiy\.m2\repository\io\cucumber\messages\28.1.0\messages-28.1.0.jar;C:\Users\abhiy\.m2\repository\io\cucumber\pretty-formatter\2.1.0\pretty-formatter-2.1.0.jar;C:\Users\abhiy\.m2\repository\io\cucumber\query\13.6.0\query-13.6.0.jar;C:\Users\abhiy\.m2\repository\io\cucumber\testng-xml-formatter\0.5.0\testng-xml-formatter-0.5.0.jar;C:\Users\abhiy\.m2\repository\io\cucumber\tag-expressions\6.1.2\tag-expressions-6.1.2.jar;C:\Users\abhiy\.m2\repository\io\cucumber\cucumber-expressions\18.0.1\cucumber-expressions-18.0.1.jar;C:\Users\abhiy\.m2\repository\io\cucumber\datatable\7.27.2\datatable-7.27.2.jar;C:\Users\abhiy\.m2\repository\io\cucumber\cucumber-plugin\7.27.2\cucumber-plugin-7.27.2.jar;C:\Users\abhiy\.m2\repository\io\cucumber\docstring\7.27.2\docstring-7.27.2.jar;C:\Users\abhiy\.m2\repository\io\cucumber\html-formatter\21.13.0\html-formatter-21.13.0.jar;C:\Users\abhiy\.m2\repository\io\cucumber\junit-xml-formatter\0.8.1\junit-xml-formatter-0.8.1.jar;C:\Users\abhiy\.m2\repository\io\cucumber\ci-environment\10.0.1\ci-environment-10.0.1.jar;C:\Users\abhiy\.m2\repository\org\apiguardian\apiguardian-api\1.1.2\apiguardian-api-1.1.2.jar;C:\Users\abhiy\.m2\repository\io\cucumber\cucumber-junit\7.27.2\cucumber-junit-7.27.2.jar;C:\Users\abhiy\.m2\repository\junit\junit\4.13.2\junit-4.13.2.jar;C:\Users\abhiy\.m2\repository\org\hamcrest\hamcrest-core\1.3\hamcrest-core-1.3.jar;"/>
    <property name="java.vm.vendor" value="Oracle Corporation"/>
    <property name="sun.arch.data.model" value="64"/>
    <property name="user.variant" value=""/>
    <property name="java.vendor.url" value="https://java.oracle.com/"/>
    <property name="user.timezone" value="America/Halifax"/>
    <property name="os.name" value="Windows 10"/>
    <property name="java.vm.specification.version" value="21"/>
    <property name="sun.java.launcher" value="SUN_STANDARD"/>
    <property name="user.country" value="CA"/>
    <property name="sun.boot.library.path" value="C:\Program Files\Java\jdk-21\bin"/>
    <property name="sun.java.command" value="C:\Users\abhiy\AppData\Local\Temp\surefire7078436351696265574\surefirebooter-20250822142830462_3.jar C:\Users\abhiy\AppData\Local\Temp\surefire7078436351696265574 2025-08-22T14-28-30_288-jvmRun1 surefire-20250822142830462_1tmp surefire_0-20250822142830462_2tmp"/>
    <property name="jdk.debug" value="release"/>
    <property name="surefire.test.class.path" value="F:\Trial\selenium_project\target\test-classes;F:\Trial\selenium_project\target\classes;C:\Users\abhiy\.m2\repository\org\seleniumhq\selenium\selenium-java\4.35.0\selenium-java-4.35.0.jar;C:\Users\abhiy\.m2\repository\org\seleniumhq\selenium\selenium-api\4.35.0\selenium-api-4.35.0.jar;C:\Users\abhiy\.m2\repository\org\jspecify\jspecify\1.0.0\jspecify-1.0.0.jar;C:\Users\abhiy\.m2\repository\org\seleniumhq\selenium\selenium-chrome-driver\4.35.0\selenium-chrome-driver-4.35.0.jar;C:\Users\abhiy\.m2\repository\com\google\auto\service\auto-service-annotations\1.1.1\auto-service-annotations-1.1.1.jar;C:\Users\abhiy\.m2\repository\org\seleniumhq\selenium\selenium-chromium-driver\4.35.0\selenium-chromium-driver-4.35.0.jar;C:\Users\abhiy\.m2\repository\org\seleniumhq\selenium\selenium-json\4.35.0\selenium-json-4.35.0.jar;C:\Users\abhiy\.m2\repository\org\seleniumhq\selenium\selenium-manager\4.35.0\selenium-manager-4.35.0.jar;C:\Users\abhiy\.m2\repository\org\seleniumhq\selenium\selenium-devtools-v137\4.35.0\selenium-devtools-v137-4.35.0.jar;C:\Users\abhiy\.m2\repository\org\seleniumhq\selenium\selenium-devtools-v138\4.35.0\selenium-devtools-v138-4.35.0.jar;C:\Users\abhiy\.m2\repository\org\seleniumhq\selenium\selenium-devtools-v139\4.35.0\selenium-devtools-v139-4.35.0.jar;C:\Users\abhiy\.m2\repository\org\seleniumhq\selenium\selenium-edge-driver\4.35.0\selenium-edge-driver-4.35.0.jar;C:\Users\abhiy\.m2\repository\org\seleniumhq\selenium\selenium-firefox-driver\4.35.0\selenium-firefox-driver-4.35.0.jar;C:\Users\abhiy\.m2\repository\org\seleniumhq\selenium\selenium-http\4.35.0\selenium-http-4.35.0.jar;C:\Users\abhiy\.m2\repository\org\seleniumhq\selenium\selenium-ie-driver\4.35.0\selenium-ie-driver-4.35.0.jar;C:\Users\abhiy\.m2\repository\org\seleniumhq\selenium\selenium-remote-driver\4.35.0\selenium-remote-driver-4.35.0.jar;C:\Users\abhiy\.m2\repository\com\google\guava\guava\33.4.8-jre\guava-33.4.8-jre.jar;C:\Users\abhiy\.m2\repository\com\google\guava\failureaccess\1.0.3\failureaccess-1.0.3.jar;C:\Users\abhiy\.m2\repository\com\google\guava\listenablefuture\9999.0-empty-to-avoid-conflict-with-guava\listenablefuture-9999.0-empty-to-avoid-conflict-with-guava.jar;C:\Users\abhiy\.m2\repository\com\google\errorprone\error_prone_annotations\2.36.0\error_prone_annotations-2.36.0.jar;C:\Users\abhiy\.m2\repository\com\google\j2objc\j2objc-annotations\3.0.0\j2objc-annotations-3.0.0.jar;C:\Users\abhiy\.m2\repository\io\opentelemetry\opentelemetry-api\1.53.0\opentelemetry-api-1.53.0.jar;C:\Users\abhiy\.m2\repository\io\opentelemetry\opentelemetry-context\1.53.0\opentelemetry-context-1.53.0.jar;C:\Users\abhiy\.m2\repository\io\opentelemetry\opentelemetry-common\1.53.0\opentelemetry-common-1.53.0.jar;C:\Users\abhiy\.m2\repository\io\opentelemetry\opentelemetry-exporter-logging\1.53.0\opentelemetry-exporter-logging-1.53.0.jar;C:\Users\abhiy\.m2\repository\io\opentelemetry\opentelemetry-sdk-common\1.53.0\opentelemetry-sdk-common-1.53.0.jar;C:\Users\abhiy\.m2\repository\io\opentelemetry\opentelemetry-sdk-extension-autoconfigure-spi\1.53.0\opentelemetry-sdk-extension-autoconfigure-spi-1.53.0.jar;C:\Users\abhiy\.m2\repository\io\opentelemetry\opentelemetry-sdk-extension-autoconfigure\1.53.0\opentelemetry-sdk-extension-autoconfigure-1.53.0.jar;C:\Users\abhiy\.m2\repository\io\opentelemetry\opentelemetry-sdk-trace\1.53.0\opentelemetry-sdk-trace-1.53.0.jar;C:\Users\abhiy\.m2\repository\io\opentelemetry\opentelemetry-sdk\1.53.0\opentelemetry-sdk-1.53.0.jar;C:\Users\abhiy\.m2\repository\io\opentelemetry\opentelemetry-sdk-metrics\1.53.0\opentelemetry-sdk-metrics-1.53.0.jar;C:\Users\abhiy\.m2\repository\io\opentelemetry\opentelemetry-sdk-logs\1.53.0\opentelemetry-sdk-logs-1.53.0.jar;C:\Users\abhiy\.m2\repository\net\bytebuddy\byte-buddy\1.17.6\byte-buddy-1.17.6.jar;C:\Users\abhiy\.m2\repository\org\seleniumhq\selenium\selenium-os\4.35.0\selenium-os-4.35.0.jar;C:\Users\abhiy\.m2\repository\org\apache\commons\commons-exec\1.5.0\commons-exec-1.5.0.jar;C:\Users\abhiy\.m2\repository\org\seleniumhq\selenium\selenium-safari-driver\4.35.0\selenium-safari-driver-4.35.0.jar;C:\Users\abhiy\.m2\repository\org\seleniumhq\selenium\selenium-support\4.35.0\selenium-support-4.35.0.jar;C:\Users\abhiy\.m2\repository\io\cucumber\cucumber-java\7.27.2\cucumber-java-7.27.2.jar;C:\Users\abhiy\.m2\repository\io\cucumber\cucumber-core\7.27.2\cucumber-core-7.27.2.jar;C:\Users\abhiy\.m2\repository\io\cucumber\cucumber-gherkin\7.27.2\cucumber-gherkin-7.27.2.jar;C:\Users\abhiy\.m2\repository\io\cucumber\cucumber-gherkin-messages\7.27.2\cucumber-gherkin-messages-7.27.2.jar;C:\Users\abhiy\.m2\repository\io\cucumber\gherkin\34.0.0\gherkin-34.0.0.jar;C:\Users\abhiy\.m2\repository\org\assertj\assertj-core\3.27.4\assertj-core-3.27.4.jar;C:\Users\abhiy\.m2\repository\io\cucumber\messages\28.1.0\messages-28.1.0.jar;C:\Users\abhiy\.m2\repository\io\cucumber\pretty-formatter\2.1.0\pretty-formatter-2.1.0.jar;C:\Users\abhiy\.m2\repository\io\cucumber\query\13.6.0\query-13.6.0.jar;C:\Users\abhiy\.m2\repository\io\cucumber\testng-xml-formatter\0.5.0\testng-xml-formatter-0.5.0.jar;C:\Users\abhiy\.m2\repository\io\cucumber\tag-expressions\6.1.2\tag-expressions-6.1.2.jar;C:\Users\abhiy\.m2\repository\io\cucumber\cucumber-expressions\18.0.1\cucumber-expressions-18.0.1.jar;C:\Users\abhiy\.m2\repository\io\cucumber\datatable\7.27.2\datatable-7.27.2.jar;C:\Users\abhiy\.m2\repository\io\cucumber\cucumber-plugin\7.27.2\cucumber-plugin-7.27.2.jar;C:\Users\abhiy\.m2\repository\io\cucumber\docstring\7.27.2\docstring-7.27.2.jar;C:\Users\abhiy\.m2\repository\io\cucumber\html-formatter\21.13.0\html-formatter-21.13.0.jar;C:\Users\abhiy\.m2\repository\io\cucumber\junit-xml-formatter\0.8.1\junit-xml-formatter-0.8.1.jar;C:\Users\abhiy\.m2\repository\io\cucumber\ci-environment\10.0.1\ci-environment-10.0.1.jar;C:\Users\abhiy\.m2\repository\org\apiguardian\apiguardian-api\1.1.2\apiguardian-api-1.1.2.jar;C:\Users\abhiy\.m2\repository\io\cucumber\cucumber-junit\7.27.2\cucumber-junit-7.27.2.jar;C:\Users\abhiy\.m2\repository\junit\junit\4.13.2\junit-4.13.2.jar;C:\Users\abhiy\.m2\repository\org\hamcrest\hamcrest-core\1.3\hamcrest-core-1.3.jar;"/>
    <property name="sun.cpu.endian" value="little"/>
    <property name="user.home" value="C:\Users\abhiy"/>
    <property name="user.language" value="en"/>
    <property name="java.specification.vendor" value="Oracle Corporation"/>
    <property name="java.version.date" value="2025-04-15"/>
    <property name="java.home" value="C:\Program Files\Java\jdk-21"/>
    <property name="file.separator" value="\"/>
    <property name="basedir" value="F:\Trial\selenium_project"/>
    <property name="java.vm.compressedOopsMode" value="Zero based"/>
    <property name="line.separator" value="&#10;"/>
    <property name="java.vm.specification.vendor" value="Oracle Corporation"/>
    <property name="java.specification.name" value="Java Platform API Specification"/>
    <property name="surefire.real.class.path" value="C:\Users\abhiy\AppData\Local\Temp\surefire7078436351696265574\surefirebooter-20250822142830462_3.jar"/>
    <property name="user.script" value=""/>
    <property name="sun.management.compiler" value="HotSpot 64-Bit Tiered Compilers"/>
    <property name="java.runtime.version" value="21.0.7+8-LTS-245"/>
    <property name="user.name" value="abhiy"/>
    <property name="stdout.encoding" value="Cp1252"/>
    <property name="path.separator" value=";"/>
    <property name="os.version" value="10.0"/>
    <property name="java.runtime.name" value="Java(TM) SE Runtime Environment"/>
    <property name="file.encoding" value="UTF-8"/>
    <property name="java.vm.name" value="Java HotSpot(TM) 64-Bit Server VM"/>
    <property name="localRepository" value="C:\Users\abhiy\.m2\repository"/>
    <property name="java.vendor.url.bug" value="https://bugreport.java.com/bugreport/"/>
    <property name="java.io.tmpdir" value="C:\Users\abhiy\AppData\Local\Temp\"/>
    <property name="java.version" value="21.0.7"/>
    <property name="user.dir" value="F:\Trial\selenium_project"/>
    <property name="os.arch" value="amd64"/>
    <property name="java.vm.specification.name" value="Java Virtual Machine Specification"/>
    <property name="sun.os.patch.level" value=""/>
    <property name="native.encoding" value="Cp1252"/>
    <property name="java.library.path" value="C:\Program Files\Java\jdk-21\bin;C:\WINDOWS\Sun\Java\bin;C:\WINDOWS\system32;C:\WINDOWS;C:\Program Files\Common Files\Oracle\Java\javapath;C:\Program Files\Microsoft SDKs\Azure\CLI2\wbin;C:\Program Files (x86)\Common Files\Oracle\Java\java8path;C:\Program Files (x86)\Common Files\Oracle\Java\javapath;C:\windows\system32;C:\windows;C:\windows\System32\Wbem;C:\windows\System32\WindowsPowerShell\v1.0\;C:\windows\System32\OpenSSH\;C:\Program Files (x86)\Intel\Intel(R) Management Engine Components\DAL;C:\Program Files\Intel\Intel(R) Management Engine Components\DAL;C:\Program Files (x86)\NVIDIA Corporation\PhysX\Common;c:\Program Files (x86)\HP\HP Performance Advisor;C:\WINDOWS\system32;C:\WINDOWS;C:\WINDOWS\System32\Wbem;C:\WINDOWS\System32\WindowsPowerShell\v1.0\;C:\WINDOWS\System32\OpenSSH\;C:\Program Files\PuTTY\;C:\Program Files\Git\cmd;E:\terraform.exe;E:\terraform;E:\;C:\Program Files\Amazon\AWSCLIV2\;C:\Program Files\Apache\Maven\apache-maven-3.9.11\bin;C:\Users\abhiy\AppData\Local\Programs\Python\Python313\Scripts\;C:\Users\abhiy\AppData\Local\Programs\Python\Python313\;C:\Users\abhiy\AppData\Local\Microsoft\WindowsApps;C:\Users\abhiy\AppData\Local\Programs\Microsoft VS Code\bin;E:\terraform;E:\terraform.exe;E:\;C:\Program Files\Multipass\bin;c:\Users\abhiy\AppData\Roaming\Code\User\globalStorage\github.copilot-chat\debugCommand;."/>
    <property name="java.vm.info" value="mixed mode, sharing"/>
    <property name="stderr.encoding" value="Cp1252"/>
    <property name="java.vendor" value="Oracle Corporation"/>
    <property name="java.vm.version" value="21.0.7+8-LTS-245"/>
    <property name="sun.io.unicode.encoding" value="UnicodeLittle"/>
    <property name="java.class.version" value="65.0"/>
  </properties>
  <testcase name="User should be able to login with valid credentials" classname="User Account Management" time="9.633">
    <system-out><![CDATA[
Scenario: User should be able to login with valid credentials                          # file:///F:/Trial/selenium_project/src/test/resources/features/Account.feature:3
Login page opened and iframe verified
  ✔ Given User is on the login page                                                    # com.cineplex.stepdefinitions.AccountSteps.userIsOnTheLoginPage()
Email and Password entered.
  ✔ When User enters email "ayerramilli@yahoo.com" and password "TestPassword@123"     # com.cineplex.stepdefinitions.AccountSteps.user_enters_email_and_password(java.lang.String,java.lang.String)
  ✔ And User clicks the login button                                                   # com.cineplex.stepdefinitions.AccountSteps.userClicksTheLoginButton()
Redirected to 2-Step Verification Setup page.
  ✔ Then User should be redirected to setup 2-Step Verification after successful login # com.cineplex.stepdefinitions.AccountSteps.userShouldBeRedirectedToSetup2StepVerificationAfterSuccessfulLogin()
]]></system-out>
  </testcase>
  <testcase name="User should not be able to login with invalid credentials #1" classname="User Account Management" time="11.781">
    <system-out><![CDATA[
Scenario: User should not be able to login with invalid credentials             # file:///F:/Trial/selenium_project/src/test/resources/features/Account.feature:17
Login page opened and iframe verified
  ✔ Given User is on the login page                                             # com.cineplex.stepdefinitions.AccountSteps.userIsOnTheLoginPage()
Email and Password entered.
  ✔ When User enters email "user@test.com" and password "TestPassword@123@4443" # com.cineplex.stepdefinitions.AccountSteps.user_enters_email_and_password(java.lang.String,java.lang.String)
  ✔ And User clicks the login button                                            # com.cineplex.stepdefinitions.AccountSteps.userClicksTheLoginButton()
  ✔ Then User should see an error message                                       # com.cineplex.stepdefinitions.AccountSteps.userShouldSeeAnErrorMessage()
]]></system-out>
  </testcase>
  <testcase name="User should not be able to login with invalid credentials #2" classname="User Account Management" time="10.058">
    <system-out><![CDATA[
Scenario: User should not be able to login with invalid credentials             # file:///F:/Trial/selenium_project/src/test/resources/features/Account.feature:18
Login page opened and iframe verified
  ✔ Given User is on the login page                                             # com.cineplex.stepdefinitions.AccountSteps.userIsOnTheLoginPage()
Email and Password entered.
  ✔ When User enters email "invalid@yahoo.com" and password "wrongpassword@123" # com.cineplex.stepdefinitions.AccountSteps.user_enters_email_and_password(java.lang.String,java.lang.String)
  ✔ And User clicks the login button                                            # com.cineplex.stepdefinitions.AccountSteps.userClicksTheLoginButton()
  ✔ Then User should see an error message                                       # com.cineplex.stepdefinitions.AccountSteps.userShouldSeeAnErrorMessage()
]]></system-out>
  </testcase>
  <testcase name="User should not be able to login with invalid credentials #3" classname="User Account Management" time="10.275">
    <system-out><![CDATA[
Scenario: User should not be able to login with invalid credentials                # file:///F:/Trial/selenium_project/src/test/resources/features/Account.feature:19
Login page opened and iframe verified
  ✔ Given User is on the login page                                                # com.cineplex.stepdefinitions.AccountSteps.userIsOnTheLoginPage()
Email and Password entered.
  ✔ When User enters email "user@example.com" and password "incorrectpassword@345" # com.cineplex.stepdefinitions.AccountSteps.user_enters_email_and_password(java.lang.String,java.lang.String)
  ✔ And User clicks the login button                                               # com.cineplex.stepdefinitions.AccountSteps.userClicksTheLoginButton()
  ✔ Then User should see an error message                                          # com.cineplex.stepdefinitions.AccountSteps.userShouldSeeAnErrorMessage()
]]></system-out>
  </testcase>
  <testcase name="User can select and send an E-Gift Card with verification" classname="Gift Card Purchase" time="14.267">
    <system-out><![CDATA[
Scenario: User can select and send an E-Gift Card with verification         # file:///F:/Trial/selenium_project/src/test/resources/features/GiftCard.feature:3
  ✔ Given User opens the Cineplex homepage                                  # com.cineplex.stepdefinitions.GiftCardSteps.user_opens_cineplex_homepage()
  ✔ And User clicks on the Menu button                                      # com.cineplex.stepdefinitions.GiftCardSteps.user_clicks_on_menu_button()
  ✔ And User navigates to Gift Cards                                        # com.cineplex.stepdefinitions.GiftCardSteps.user_navigates_to_gift_cards()
  ✔ When User clicks Send an E-Gift Card                                    # com.cineplex.stepdefinitions.GiftCardSteps.user_clicks_send_e_gift_card()
  ✔ And User scrolls down the page a few times and back to top              # com.cineplex.stepdefinitions.GiftCardSteps.user_scrolls_down_and_back()
  ✔ And User enters "90" as the card value                                  # com.cineplex.stepdefinitions.GiftCardSteps.user_enters_card_value(java.lang.String)
  ✔ And User enters "7" as the quantity                                     # com.cineplex.stepdefinitions.GiftCardSteps.user_enters_quantity(java.lang.String)
  ✔ And User enters "Happy Birthday!" as the personal message               # com.cineplex.stepdefinitions.GiftCardSteps.user_enters_personal_message(java.lang.String)
  ✔ And User selects "Self deliver" as the delivery option                  # com.cineplex.stepdefinitions.GiftCardSteps.user_selects_delivery_option(java.lang.String)
  ✔ And User enters "John Doe" as the recipient name                        # com.cineplex.stepdefinitions.GiftCardSteps.user_enters_recipient_name(java.lang.String)
  ✔ And User clicks Add to cart to complete the selection                   # com.cineplex.stepdefinitions.GiftCardSteps.user_clicks_add_to_cart()
  ✔ Then the gift cards should be added to the cart with the correct values # com.cineplex.stepdefinitions.GiftCardSteps.the_gift_cards_should_be_added_to_cart_with_correct_values()
]]></system-out>
  </testcase>
  <testcase name="User tries to enter a gift card value exceeding the maximum allowed" classname="Gift Card Purchase" time="11.784">
    <error message="element not interactable&#10;  (Session info: chrome=139.0.7258.129)&#10;Build info: version: &apos;4.35.0&apos;, revision: &apos;1c58e5028b&apos;&#10;System info: os.name: &apos;Windows 10&apos;, os.arch: &apos;amd64&apos;, os.version: &apos;10.0&apos;, java.version: &apos;21.0.7&apos;&#10;Driver info: org.openqa.selenium.chrome.ChromeDriver&#10;Command: [43b0507dce6b715162a9aee1c009e041, sendKeysToElement {id=f.9DEECB4C35737C8FE1D5C8BBDDBD1D1C.d.018B222C0588116AFA8EA7CF275DA751.e.57, value=[Ljava.lang.CharSequence;@71adfedd}]&#10;Capabilities {acceptInsecureCerts: false, browserName: chrome, browserVersion: 139.0.7258.129, chrome: {chromedriverVersion: 139.0.7258.138 (884e54ea8d4..., userDataDir: C:\Users\abhiy\AppData\Loca...}, fedcm:accounts: true, goog:chromeOptions: {debuggerAddress: localhost:49302}, networkConnectionEnabled: false, pageLoadStrategy: normal, platformName: windows, proxy: Proxy(), se:cdp: ws://localhost:49302/devtoo..., se:cdpVersion: 139.0.7258.129, setWindowRect: true, strictFileInteractability: false, timeouts: {implicit: 0, pageLoad: 300000, script: 30000}, unhandledPromptBehavior: dismiss and notify, webauthn:extension:credBlob: true, webauthn:extension:largeBlob: true, webauthn:extension:minPinLength: true, webauthn:extension:prf: true, webauthn:virtualAuthenticators: true}&#10;Element: [[ChromeDriver: chrome on windows (43b0507dce6b715162a9aee1c009e041)] -&gt; xpath: //input[@name=&apos;card_value&apos; and @type=&apos;number&apos;]]&#10;Session ID: 43b0507dce6b715162a9aee1c009e041" type="org.openqa.selenium.ElementNotInteractableException"><![CDATA[org.openqa.selenium.ElementNotInteractableException: 
element not interactable
  (Session info: chrome=139.0.7258.129)
Build info: version: '4.35.0', revision: '1c58e5028b'
System info: os.name: 'Windows 10', os.arch: 'amd64', os.version: '10.0', java.version: '21.0.7'
Driver info: org.openqa.selenium.chrome.ChromeDriver
Command: [43b0507dce6b715162a9aee1c009e041, sendKeysToElement {id=f.9DEECB4C35737C8FE1D5C8BBDDBD1D1C.d.018B222C0588116AFA8EA7CF275DA751.e.57, value=[Ljava.lang.CharSequence;@71adfedd}]
Capabilities {acceptInsecureCerts: false, browserName: chrome, browserVersion: 139.0.7258.129, chrome: {chromedriverVersion: 139.0.7258.138 (884e54ea8d4..., userDataDir: C:\Users\abhiy\AppData\Loca...}, fedcm:accounts: true, goog:chromeOptions: {debuggerAddress: localhost:49302}, networkConnectionEnabled: false, pageLoadStrategy: normal, platformName: windows, proxy: Proxy(), se:cdp: ws://localhost:49302/devtoo..., se:cdpVersion: 139.0.7258.129, setWindowRect: true, strictFileInteractability: false, timeouts: {implicit: 0, pageLoad: 300000, script: 30000}, unhandledPromptBehavior: dismiss and notify, webauthn:extension:credBlob: true, webauthn:extension:largeBlob: true, webauthn:extension:minPinLength: true, webauthn:extension:prf: true, webauthn:virtualAuthenticators: true}
Element: [[ChromeDriver: chrome on windows (43b0507dce6b715162a9aee1c009e041)] -> xpath: //input[@name='card_value' and @type='number']]
Session ID: 43b0507dce6b715162a9aee1c009e041
	at java.base/jdk.internal.reflect.DirectConstructorHandleAccessor.newInstance(DirectConstructorHandleAccessor.java:62)
	at java.base/java.lang.reflect.Constructor.newInstanceWithCaller(Constructor.java:502)
	at java.base/java.lang.reflect.Constructor.newInstance(Constructor.java:486)
	at org.openqa.selenium.remote.ErrorCodec.decode(ErrorCodec.java:167)
	at org.openqa.selenium.remote.codec.w3c.W3CHttpResponseCodec.decode(W3CHttpResponseCodec.java:138)
	at org.openqa.selenium.remote.codec.w3c.W3CHttpResponseCodec.decode(W3CHttpResponseCodec.java:50)
	at org.openqa.selenium.remote.HttpCommandExecutor.execute(HttpCommandExecutor.java:215)
	at org.openqa.selenium.remote.service.DriverCommandExecutor.invokeExecute(DriverCommandExecutor.java:216)
	at org.openqa.selenium.remote.service.DriverCommandExecutor.execute(DriverCommandExecutor.java:174)
	at org.openqa.selenium.remote.RemoteWebDriver.execute(RemoteWebDriver.java:557)
	at org.openqa.selenium.remote.RemoteWebElement.execute(RemoteWebElement.java:223)
	at org.openqa.selenium.remote.RemoteWebElement.sendKeys(RemoteWebElement.java:110)
	at com.cineplex.actions.GiftCardPageActions.enterCardValue(GiftCardPageActions.java:149)
	at com.cineplex.stepdefinitions.GiftCardSteps.user_enters_card_value(GiftCardSteps.java:59)
	at ✽.User enters "250" as the card value(file:///F:/Trial/selenium_project/src/test/resources/features/GiftCard.feature:23)
]]></error>
    <system-out><![CDATA[
Scenario: User tries to enter a gift card value exceeding the maximum allowed               # file:///F:/Trial/selenium_project/src/test/resources/features/GiftCard.feature:17
  ✔ Given User opens the Cineplex homepage                                                  # com.cineplex.stepdefinitions.GiftCardSteps.user_opens_cineplex_homepage()
  ✔ And User clicks on the Menu button                                                      # com.cineplex.stepdefinitions.GiftCardSteps.user_clicks_on_menu_button()
  ✔ And User navigates to Gift Cards                                                        # com.cineplex.stepdefinitions.GiftCardSteps.user_navigates_to_gift_cards()
  ✔ When User clicks Send an E-Gift Card                                                    # com.cineplex.stepdefinitions.GiftCardSteps.user_clicks_send_e_gift_card()
  ✔ And User scrolls down the page a few times and back to top                              # com.cineplex.stepdefinitions.GiftCardSteps.user_scrolls_down_and_back()
  ✘ And User enters "250" as the card value                                                 # com.cineplex.stepdefinitions.GiftCardSteps.user_enters_card_value(java.lang.String)
        org.openqa.selenium.ElementNotInteractableException: element not interactable
          (Session info: chrome=139.0.7258.129)
        Build info: version: '4.35.0', revision: '1c58e5028b'
        System info: os.name: 'Windows 10', os.arch: 'amd64', os.version: '10.0', java.version: '21.0.7'
        Driver info: org.openqa.selenium.chrome.ChromeDriver
        Command: [43b0507dce6b715162a9aee1c009e041, sendKeysToElement {id=f.9DEECB4C35737C8FE1D5C8BBDDBD1D1C.d.018B222C0588116AFA8EA7CF275DA751.e.57, value=[Ljava.lang.CharSequence;@71adfedd}]
        Capabilities {acceptInsecureCerts: false, browserName: chrome, browserVersion: 139.0.7258.129, chrome: {chromedriverVersion: 139.0.7258.138 (884e54ea8d4..., userDataDir: C:\Users\abhiy\AppData\Loca...}, fedcm:accounts: true, goog:chromeOptions: {debuggerAddress: localhost:49302}, networkConnectionEnabled: false, pageLoadStrategy: normal, platformName: windows, proxy: Proxy(), se:cdp: ws://localhost:49302/devtoo..., se:cdpVersion: 139.0.7258.129, setWindowRect: true, strictFileInteractability: false, timeouts: {implicit: 0, pageLoad: 300000, script: 30000}, unhandledPromptBehavior: dismiss and notify, webauthn:extension:credBlob: true, webauthn:extension:largeBlob: true, webauthn:extension:minPinLength: true, webauthn:extension:prf: true, webauthn:virtualAuthenticators: true}
        Element: [[ChromeDriver: chrome on windows (43b0507dce6b715162a9aee1c009e041)] -> xpath: //input[@name='card_value' and @type='number']]
        Session ID: 43b0507dce6b715162a9aee1c009e041
        	at java.base/jdk.internal.reflect.DirectConstructorHandleAccessor.newInstance(DirectConstructorHandleAccessor.java:62)
        	at java.base/java.lang.reflect.Constructor.newInstanceWithCaller(Constructor.java:502)
        	at java.base/java.lang.reflect.Constructor.newInstance(Constructor.java:486)
        	at org.openqa.selenium.remote.ErrorCodec.decode(ErrorCodec.java:167)
        	at org.openqa.selenium.remote.codec.w3c.W3CHttpResponseCodec.decode(W3CHttpResponseCodec.java:138)
        	at org.openqa.selenium.remote.codec.w3c.W3CHttpResponseCodec.decode(W3CHttpResponseCodec.java:50)
        	at org.openqa.selenium.remote.HttpCommandExecutor.execute(HttpCommandExecutor.java:215)
        	at org.openqa.selenium.remote.service.DriverCommandExecutor.invokeExecute(DriverCommandExecutor.java:216)
        	at org.openqa.selenium.remote.service.DriverCommandExecutor.execute(DriverCommandExecutor.java:174)
        	at org.openqa.selenium.remote.RemoteWebDriver.execute(RemoteWebDriver.java:557)
        	at org.openqa.selenium.remote.RemoteWebElement.execute(RemoteWebElement.java:223)
        	at org.openqa.selenium.remote.RemoteWebElement.sendKeys(RemoteWebElement.java:110)
        	at com.cineplex.actions.GiftCardPageActions.enterCardValue(GiftCardPageActions.java:149)
        	at com.cineplex.stepdefinitions.GiftCardSteps.user_enters_card_value(GiftCardSteps.java:59)
        	at ✽.User enters "250" as the card value(file:///F:/Trial/selenium_project/src/test/resources/features/GiftCard.feature:23)
  ↷ And User enters "7" as the quantity                                                     # com.cineplex.stepdefinitions.GiftCardSteps.user_enters_quantity(java.lang.String)
  ↷ Then the gift card value field should automatically adjust to the maximum allowed "200" # com.cineplex.stepdefinitions.GiftCardSteps.the_gift_card_value_field_should_automatically_adjust(java.lang.String)
]]></system-out>
  </testcase>
  <testcase name="User tries to enter a gift card quantity exceeding the maximum allowed" classname="Gift Card Purchase" time="11.023">
    <error message="element not interactable&#10;  (Session info: chrome=139.0.7258.129)&#10;Build info: version: &apos;4.35.0&apos;, revision: &apos;1c58e5028b&apos;&#10;System info: os.name: &apos;Windows 10&apos;, os.arch: &apos;amd64&apos;, os.version: &apos;10.0&apos;, java.version: &apos;21.0.7&apos;&#10;Driver info: org.openqa.selenium.chrome.ChromeDriver&#10;Command: [43b0507dce6b715162a9aee1c009e041, sendKeysToElement {id=f.AA524EF24F8DCD6B9D2D50D61C23FB5A.d.215C0CAC93551A143331897B8AA4E3FE.e.93, value=[Ljava.lang.CharSequence;@24c8d8be}]&#10;Capabilities {acceptInsecureCerts: false, browserName: chrome, browserVersion: 139.0.7258.129, chrome: {chromedriverVersion: 139.0.7258.138 (884e54ea8d4..., userDataDir: C:\Users\abhiy\AppData\Loca...}, fedcm:accounts: true, goog:chromeOptions: {debuggerAddress: localhost:49302}, networkConnectionEnabled: false, pageLoadStrategy: normal, platformName: windows, proxy: Proxy(), se:cdp: ws://localhost:49302/devtoo..., se:cdpVersion: 139.0.7258.129, setWindowRect: true, strictFileInteractability: false, timeouts: {implicit: 0, pageLoad: 300000, script: 30000}, unhandledPromptBehavior: dismiss and notify, webauthn:extension:credBlob: true, webauthn:extension:largeBlob: true, webauthn:extension:minPinLength: true, webauthn:extension:prf: true, webauthn:virtualAuthenticators: true}&#10;Element: [[ChromeDriver: chrome on windows (43b0507dce6b715162a9aee1c009e041)] -&gt; xpath: //input[@name=&apos;card_value&apos; and @type=&apos;number&apos;]]&#10;Session ID: 43b0507dce6b715162a9aee1c009e041" type="org.openqa.selenium.ElementNotInteractableException"><![CDATA[org.openqa.selenium.ElementNotInteractableException: 
element not interactable
  (Session info: chrome=139.0.7258.129)
Build info: version: '4.35.0', revision: '1c58e5028b'
System info: os.name: 'Windows 10', os.arch: 'amd64', os.version: '10.0', java.version: '21.0.7'
Driver info: org.openqa.selenium.chrome.ChromeDriver
Command: [43b0507dce6b715162a9aee1c009e041, sendKeysToElement {id=f.AA524EF24F8DCD6B9D2D50D61C23FB5A.d.215C0CAC93551A143331897B8AA4E3FE.e.93, value=[Ljava.lang.CharSequence;@24c8d8be}]
Capabilities {acceptInsecureCerts: false, browserName: chrome, browserVersion: 139.0.7258.129, chrome: {chromedriverVersion: 139.0.7258.138 (884e54ea8d4..., userDataDir: C:\Users\abhiy\AppData\Loca...}, fedcm:accounts: true, goog:chromeOptions: {debuggerAddress: localhost:49302}, networkConnectionEnabled: false, pageLoadStrategy: normal, platformName: windows, proxy: Proxy(), se:cdp: ws://localhost:49302/devtoo..., se:cdpVersion: 139.0.7258.129, setWindowRect: true, strictFileInteractability: false, timeouts: {implicit: 0, pageLoad: 300000, script: 30000}, unhandledPromptBehavior: dismiss and notify, webauthn:extension:credBlob: true, webauthn:extension:largeBlob: true, webauthn:extension:minPinLength: true, webauthn:extension:prf: true, webauthn:virtualAuthenticators: true}
Element: [[ChromeDriver: chrome on windows (43b0507dce6b715162a9aee1c009e041)] -> xpath: //input[@name='card_value' and @type='number']]
Session ID: 43b0507dce6b715162a9aee1c009e041
	at java.base/jdk.internal.reflect.DirectConstructorHandleAccessor.newInstance(DirectConstructorHandleAccessor.java:62)
	at java.base/java.lang.reflect.Constructor.newInstanceWithCaller(Constructor.java:502)
	at java.base/java.lang.reflect.Constructor.newInstance(Constructor.java:486)
	at org.openqa.selenium.remote.ErrorCodec.decode(ErrorCodec.java:167)
	at org.openqa.selenium.remote.codec.w3c.W3CHttpResponseCodec.decode(W3CHttpResponseCodec.java:138)
	at org.openqa.selenium.remote.codec.w3c.W3CHttpResponseCodec.decode(W3CHttpResponseCodec.java:50)
	at org.openqa.selenium.remote.HttpCommandExecutor.execute(HttpCommandExecutor.java:215)
	at org.openqa.selenium.remote.service.DriverCommandExecutor.invokeExecute(DriverCommandExecutor.java:216)
	at org.openqa.selenium.remote.service.DriverCommandExecutor.execute(DriverCommandExecutor.java:174)
	at org.openqa.selenium.remote.RemoteWebDriver.execute(RemoteWebDriver.java:557)
	at org.openqa.selenium.remote.RemoteWebElement.execute(RemoteWebElement.java:223)
	at org.openqa.selenium.remote.RemoteWebElement.sendKeys(RemoteWebElement.java:110)
	at com.cineplex.actions.GiftCardPageActions.enterCardValue(GiftCardPageActions.java:149)
	at com.cineplex.stepdefinitions.GiftCardSteps.user_enters_card_value(GiftCardSteps.java:59)
	at ✽.User enters "90" as the card value(file:///F:/Trial/selenium_project/src/test/resources/features/GiftCard.feature:33)
]]></error>
    <system-out><![CDATA[
Scenario: User tries to enter a gift card quantity exceeding the maximum allowed   # file:///F:/Trial/selenium_project/src/test/resources/features/GiftCard.feature:27
  ✔ Given User opens the Cineplex homepage                                         # com.cineplex.stepdefinitions.GiftCardSteps.user_opens_cineplex_homepage()
  ✔ And User clicks on the Menu button                                             # com.cineplex.stepdefinitions.GiftCardSteps.user_clicks_on_menu_button()
  ✔ And User navigates to Gift Cards                                               # com.cineplex.stepdefinitions.GiftCardSteps.user_navigates_to_gift_cards()
  ✔ When User clicks Send an E-Gift Card                                           # com.cineplex.stepdefinitions.GiftCardSteps.user_clicks_send_e_gift_card()
  ✔ And User scrolls down the page a few times and back to top                     # com.cineplex.stepdefinitions.GiftCardSteps.user_scrolls_down_and_back()
  ✘ And User enters "90" as the card value                                         # com.cineplex.stepdefinitions.GiftCardSteps.user_enters_card_value(java.lang.String)
        org.openqa.selenium.ElementNotInteractableException: element not interactable
          (Session info: chrome=139.0.7258.129)
        Build info: version: '4.35.0', revision: '1c58e5028b'
        System info: os.name: 'Windows 10', os.arch: 'amd64', os.version: '10.0', java.version: '21.0.7'
        Driver info: org.openqa.selenium.chrome.ChromeDriver
        Command: [43b0507dce6b715162a9aee1c009e041, sendKeysToElement {id=f.AA524EF24F8DCD6B9D2D50D61C23FB5A.d.215C0CAC93551A143331897B8AA4E3FE.e.93, value=[Ljava.lang.CharSequence;@24c8d8be}]
        Capabilities {acceptInsecureCerts: false, browserName: chrome, browserVersion: 139.0.7258.129, chrome: {chromedriverVersion: 139.0.7258.138 (884e54ea8d4..., userDataDir: C:\Users\abhiy\AppData\Loca...}, fedcm:accounts: true, goog:chromeOptions: {debuggerAddress: localhost:49302}, networkConnectionEnabled: false, pageLoadStrategy: normal, platformName: windows, proxy: Proxy(), se:cdp: ws://localhost:49302/devtoo..., se:cdpVersion: 139.0.7258.129, setWindowRect: true, strictFileInteractability: false, timeouts: {implicit: 0, pageLoad: 300000, script: 30000}, unhandledPromptBehavior: dismiss and notify, webauthn:extension:credBlob: true, webauthn:extension:largeBlob: true, webauthn:extension:minPinLength: true, webauthn:extension:prf: true, webauthn:virtualAuthenticators: true}
        Element: [[ChromeDriver: chrome on windows (43b0507dce6b715162a9aee1c009e041)] -> xpath: //input[@name='card_value' and @type='number']]
        Session ID: 43b0507dce6b715162a9aee1c009e041
        	at java.base/jdk.internal.reflect.DirectConstructorHandleAccessor.newInstance(DirectConstructorHandleAccessor.java:62)
        	at java.base/java.lang.reflect.Constructor.newInstanceWithCaller(Constructor.java:502)
        	at java.base/java.lang.reflect.Constructor.newInstance(Constructor.java:486)
        	at org.openqa.selenium.remote.ErrorCodec.decode(ErrorCodec.java:167)
        	at org.openqa.selenium.remote.codec.w3c.W3CHttpResponseCodec.decode(W3CHttpResponseCodec.java:138)
        	at org.openqa.selenium.remote.codec.w3c.W3CHttpResponseCodec.decode(W3CHttpResponseCodec.java:50)
        	at org.openqa.selenium.remote.HttpCommandExecutor.execute(HttpCommandExecutor.java:215)
        	at org.openqa.selenium.remote.service.DriverCommandExecutor.invokeExecute(DriverCommandExecutor.java:216)
        	at org.openqa.selenium.remote.service.DriverCommandExecutor.execute(DriverCommandExecutor.java:174)
        	at org.openqa.selenium.remote.RemoteWebDriver.execute(RemoteWebDriver.java:557)
        	at org.openqa.selenium.remote.RemoteWebElement.execute(RemoteWebElement.java:223)
        	at org.openqa.selenium.remote.RemoteWebElement.sendKeys(RemoteWebElement.java:110)
        	at com.cineplex.actions.GiftCardPageActions.enterCardValue(GiftCardPageActions.java:149)
        	at com.cineplex.stepdefinitions.GiftCardSteps.user_enters_card_value(GiftCardSteps.java:59)
        	at ✽.User enters "90" as the card value(file:///F:/Trial/selenium_project/src/test/resources/features/GiftCard.feature:33)
  ↷ And User enters "35" as the quantity                                           # com.cineplex.stepdefinitions.GiftCardSteps.user_enters_quantity(java.lang.String)
  ↷ Then the quantity field should automatically adjust to the maximum allowed "7" # com.cineplex.stepdefinitions.GiftCardSteps.the_quantity_field_should_automatically_adjust(java.lang.String)
]]></system-out>
  </testcase>
  <testcase name="User views basic movie details #1" classname="Movie Experience" time="9.208">
    <system-out><![CDATA[
Scenario Outline: User views basic movie details               # file:///F:/Trial/selenium_project/src/test/resources/features/Movie.feature:13
  ✔ Given User opens the Cineplex homepage                     # com.cineplex.stepdefinitions.GiftCardSteps.user_opens_cineplex_homepage()
  ✔ When User searches for "Relay"                             # com.cineplex.stepdefinitions.MovieSteps.user_searches_for(java.lang.String)
  ✔ And User selects the movie "Relay" from the search results # com.cineplex.stepdefinitions.MovieSteps.user_selects_movie_from_search_results(java.lang.String)
  ✔ Then Movie title should be displayed as "Relay"            # com.cineplex.stepdefinitions.MovieSteps.movie_title_should_be_displayed(java.lang.String)
  ✔ And The runtime should be visible as "1h 52min"            # com.cineplex.stepdefinitions.MovieSteps.the_runtime_should_be_visible(java.lang.String)
  ✔ And The genre should be visible as "Action, Thriller"      # com.cineplex.stepdefinitions.MovieSteps.the_genre_should_be_visible(java.lang.String)
  ✔ And The rating should be visible as "14A"                  # com.cineplex.stepdefinitions.MovieSteps.the_rating_should_be_visible(java.lang.String)
]]></system-out>
  </testcase>
  <testcase name="User views basic movie details #2" classname="Movie Experience" time="10.315">
    <system-out><![CDATA[
Scenario Outline: User views basic movie details                  # file:///F:/Trial/selenium_project/src/test/resources/features/Movie.feature:14
  ✔ Given User opens the Cineplex homepage                        # com.cineplex.stepdefinitions.GiftCardSteps.user_opens_cineplex_homepage()
  ✔ When User searches for "Nobody 2"                             # com.cineplex.stepdefinitions.MovieSteps.user_searches_for(java.lang.String)
  ✔ And User selects the movie "Nobody 2" from the search results # com.cineplex.stepdefinitions.MovieSteps.user_selects_movie_from_search_results(java.lang.String)
  ✔ Then Movie title should be displayed as "Nobody 2"            # com.cineplex.stepdefinitions.MovieSteps.movie_title_should_be_displayed(java.lang.String)
  ✔ And The runtime should be visible as "1h 29min"               # com.cineplex.stepdefinitions.MovieSteps.the_runtime_should_be_visible(java.lang.String)
  ✔ And The genre should be visible as "Comedy, Crime, Thriller"  # com.cineplex.stepdefinitions.MovieSteps.the_genre_should_be_visible(java.lang.String)
  ✔ And The rating should be visible as "14A"                     # com.cineplex.stepdefinitions.MovieSteps.the_rating_should_be_visible(java.lang.String)
]]></system-out>
  </testcase>
  <testcase name="User views basic movie details #3" classname="Movie Experience" time="9.789">
    <system-out><![CDATA[
Scenario Outline: User views basic movie details                                  # file:///F:/Trial/selenium_project/src/test/resources/features/Movie.feature:15
  ✔ Given User opens the Cineplex homepage                                        # com.cineplex.stepdefinitions.GiftCardSteps.user_opens_cineplex_homepage()
  ✔ When User searches for "How to Train Your Dragon"                             # com.cineplex.stepdefinitions.MovieSteps.user_searches_for(java.lang.String)
  ✔ And User selects the movie "How to Train Your Dragon" from the search results # com.cineplex.stepdefinitions.MovieSteps.user_selects_movie_from_search_results(java.lang.String)
  ✔ Then Movie title should be displayed as "How to Train Your Dragon"            # com.cineplex.stepdefinitions.MovieSteps.movie_title_should_be_displayed(java.lang.String)
  ✔ And The runtime should be visible as "2h 6min"                                # com.cineplex.stepdefinitions.MovieSteps.the_runtime_should_be_visible(java.lang.String)
  ✔ And The genre should be visible as "Action, Adventure"                        # com.cineplex.stepdefinitions.MovieSteps.the_genre_should_be_visible(java.lang.String)
  ✔ And The rating should be visible as "PG"                                      # com.cineplex.stepdefinitions.MovieSteps.the_rating_should_be_visible(java.lang.String)
]]></system-out>
  </testcase>
</testsuite>